<?xml version="1.0" encoding="UTF-8"?>
<testsuite xmlns:xsi="http://www.w3.org/2001/XMLSchema-instance" xsi:noNamespaceSchemaLocation="https://maven.apache.org/surefire/maven-surefire-plugin/xsd/surefire-test-report.xsd" name="TestSuite" time="13.855" tests="5" errors="0" skipped="0" failures="1">
  <properties>
[...]
</properties>
  <testcase name="LoginAsBankManager" classname="com.QAAutomation.TestCases.BankManagerLoginTest" time="1.236"/>
  <testcase name="openAccountTest" classname="com.QAAutomation.TestCases.OpenAccountTest" time="1.109"/>
  <testcase name="addCustomerTest" classname="com.QAAutomation.TestCases.AddCustomerTest" time="0.089">
    <failure message="unexpected alert open: {Alert text : Account created successfully with account Number :1016}&#10;  (Session info: chrome=89.0.4389.72): Account created successfully with account Number :1016&#10;Build info: version: &apos;3.6.0&apos;, revision: &apos;6fbf3ec767&apos;, time: &apos;2017-09-27T15:28:36.4Z&apos;&#10;System info: host: &apos;Ojass-MacBook-Air.local&apos;, ip: &apos;fe80:0:0:0:1c17:9228:5b91:b6a4%en0&apos;, os.name: &apos;Mac OS X&apos;, os.arch: &apos;x86_64&apos;, os.version: &apos;10.15.7&apos;, java.version: &apos;1.8.0_261&apos;&#10;Driver info: org.openqa.selenium.chrome.ChromeDriver&#10;Capabilities [{networkConnectionEnabled=false, chrome={chromedriverVersion=88.0.4324.96 (68dba2d8a0b149a1d3afac56fa74648032bcf46b-refs/branch-heads/4324@{#1784}), userDataDir=/var/folders/p3/zbjxyb8s0nnf5dyx6l_yr0dc0000gn/T/.com.google.Chrome.f52Vwx}, timeouts={implicit=0, pageLoad=300000, script=30000}, pageLoadStrategy=normal, unhandledPromptBehavior=dismiss and notify, strictFileInteractability=false, platform=MAC, proxy=Proxy(), goog:chromeOptions={debuggerAddress=localhost:58039}, acceptInsecureCerts=false, browserVersion=89.0.4389.72, browserName=chrome, javascriptEnabled=true, platformName=MAC, setWindowRect=true, webauthn:extension:largeBlob=true, webauthn:virtualAuthenticators=true}]&#10;Session ID: 3a14039aac69784e762ace2bba004327&#10;*** Element info: {Using=xpath, value=//button[contains(text(),&apos;Add Customer&apos;)]}" type="org.openqa.selenium.UnhandledAlertException">org.openqa.selenium.UnhandledAlertException: 
unexpected alert open: {Alert text : Account created successfully with account Number :1016}
  (Session info: chrome=89.0.4389.72): Account created successfully with account Number :1016
Build info: version: '3.6.0', revision: '6fbf3ec767', time: '2017-09-27T15:28:36.4Z'
System info: host: 'Ojass-MacBook-Air.local', ip: 'fe80:0:0:0:1c17:9228:5b91:b6a4%en0', os.name: 'Mac OS X', os.arch: 'x86_64', os.version: '10.15.7', java.version: '1.8.0_261'
Driver info: org.openqa.selenium.chrome.ChromeDriver
Capabilities [{networkConnectionEnabled=false, chrome={chromedriverVersion=88.0.4324.96 (68dba2d8a0b149a1d3afac56fa74648032bcf46b-refs/branch-heads/4324@{#1784}), userDataDir=/var/folders/p3/zbjxyb8s0nnf5dyx6l_yr0dc0000gn/T/.com.google.Chrome.f52Vwx}, timeouts={implicit=0, pageLoad=300000, script=30000}, pageLoadStrategy=normal, unhandledPromptBehavior=dismiss and notify, strictFileInteractability=false, platform=MAC, proxy=Proxy(), goog:chromeOptions={debuggerAddress=localhost:58039}, acceptInsecureCerts=false, browserVersion=89.0.4389.72, browserName=chrome, javascriptEnabled=true, platformName=MAC, setWindowRect=true, webauthn:extension:largeBlob=true, webauthn:virtualAuthenticators=true}]
Session ID: 3a14039aac69784e762ace2bba004327
*** Element info: {Using=xpath, value=//button[contains(text(),'Add Customer')]}
	at com.QAAutomation.TestCases.AddCustomerTest.addCustomerTest(AddCustomerTest.java:26)
</failure>
  </testcase>
  <testcase name="addCustomerTest" classname="com.QAAutomation.TestCases.AddCustomerTest" time="0.896"/>
  <testcase name="addCustomerTest" classname="com.QAAutomation.TestCases.AddCustomerTest" time="0.523"/>
</testsuite>