<?xml version="1.0" encoding="UTF-8"?>
<!-- Generated by org.testng.reporters.JUnitXMLReporter -->
<testsuite hostname="Ojass-MacBook-Air.local" ignored="0" name="AddCustomer" tests="3" failures="0" timestamp="2021-03-30T19:15:36 EDT" time="2.796" errors="0">
  <testcase name="addCustomerTest" time="1.442" classname="com.QAAutomation.TestCases.AddCustomerTest"/>
  <testcase name="addCustomerTest" time="0.694" classname="com.QAAutomation.TestCases.AddCustomerTest"/>
  <testcase name="addCustomerTest" time="0.598" classname="com.QAAutomation.TestCases.AddCustomerTest"/>
</testsuite> <!-- AddCustomer -->
